This is pdfTeX, Version 3.14159265-2.6-1.40.20 (TeX Live 2019) (preloaded format=pdflatex 2019.12.3)  3 JUL 2020 18:22
entering extended mode
 restricted \write18 enabled.
 %&-line parsing enabled.
**table_Sim1.tex
(./table_Sim1.tex
LaTeX2e <2018-12-01>
(/app/texmf-dist/tex/latex/base/article.cls
Document Class: article 2018/09/03 v1.4i Standard LaTeX document class
(/app/texmf-dist/tex/latex/base/size10.clo
File: size10.clo 2018/09/03 v1.4i Standard LaTeX file (size option)
)
\c@part=\count80
\c@section=\count81
\c@subsection=\count82
\c@subsubsection=\count83
\c@paragraph=\count84
\c@subparagraph=\count85
\c@figure=\count86
\c@table=\count87
\abovecaptionskip=\skip41
\belowcaptionskip=\skip42
\bibindent=\dimen102
)
(/app/texmf-dist/tex/latex/geometry/geometry.sty
Package: geometry 2018/04/16 v5.8 Page Geometry

(/app/texmf-dist/tex/latex/graphics/keyval.sty
Package: keyval 2014/10/28 v1.15 key=value parser (DPC)
\KV@toks@=\toks14
)
(/app/texmf-dist/tex/generic/oberdiek/ifpdf.sty
Package: ifpdf 2018/09/07 v3.3 Provides the ifpdf switch
)
(/app/texmf-dist/tex/generic/oberdiek/ifvtex.sty
Package: ifvtex 2016/05/16 v1.6 Detect VTeX and its facilities (HO)
Package ifvtex Info: VTeX not detected.
)
(/app/texmf-dist/tex/generic/ifxetex/ifxetex.sty
Package: ifxetex 2010/09/12 v0.6 Provides ifxetex conditional
)
\Gm@cnth=\count88
\Gm@cntv=\count89
\c@Gm@tempcnt=\count90
\Gm@bindingoffset=\dimen103
\Gm@wd@mp=\dimen104
\Gm@odd@mp=\dimen105
\Gm@even@mp=\dimen106
\Gm@layoutwidth=\dimen107
\Gm@layoutheight=\dimen108
\Gm@layouthoffset=\dimen109
\Gm@layoutvoffset=\dimen110
\Gm@dimlist=\toks15
)
(/app/texmf-dist/tex/latex/graphics/color.sty
Package: color 2016/07/10 v1.1e Standard LaTeX Color (DPC)

(/app/texmf-dist/tex/latex/graphics-cfg/color.cfg
File: color.cfg 2016/01/02 v1.6 sample color configuration
)
Package color Info: Driver file: pdftex.def on input line 147.

(/app/texmf-dist/tex/latex/graphics-def/pdftex.def
File: pdftex.def 2018/01/08 v1.0l Graphics/color driver for pdftex
))
(/app/texmf-dist/tex/latex/tools/longtable.sty
Package: longtable 2014/10/28 v4.11 Multi-page Table package (DPC)+ FMi change
\LTleft=\skip43
\LTright=\skip44
\LTpre=\skip45
\LTpost=\skip46
\LTchunksize=\count91
\LTcapwidth=\dimen111
\LT@head=\box27
\LT@firsthead=\box28
\LT@foot=\box29
\LT@lastfoot=\box30
\LT@cols=\count92
\LT@rows=\count93
\c@LT@tables=\count94
\c@LT@chunks=\count95
\LT@p@ftn=\toks16
)
(/app/texmf-dist/tex/latex/tabu/tabu.sty
Package: tabu 2019/01/11 v2.9 - flexible LaTeX tabulars (FC+tabu-fixed)

(/app/texmf-dist/tex/latex/tools/array.sty
Package: array 2018/12/30 v2.4k Tabular extension package (FMi)
\col@sep=\dimen112
\ar@mcellbox=\box31
\extrarowheight=\dimen113
\NC@list=\toks17
\extratabsurround=\skip47
\backup@length=\skip48
\ar@cellbox=\box32
)
(/app/texmf-dist/tex/latex/varwidth/varwidth.sty
Package: varwidth 2009/03/30 ver 0.92;  Variable-width minipages
\@vwid@box=\box33
\sift@deathcycles=\count96
\@vwid@loff=\dimen114
\@vwid@roff=\dimen115
)
\c@taburow=\count97
\tabu@nbcols=\count98
\tabu@cnt=\count99
\tabu@Xcol=\count100
\tabu@alloc=\count101
\tabu@nested=\count102
\tabu@target=\dimen116
\tabu@spreadtarget=\dimen117
\tabu@naturalX=\dimen118
\tabucolX=\dimen119
\tabu@Xsum=\dimen120
\extrarowdepth=\dimen121
\abovetabulinesep=\dimen122
\belowtabulinesep=\dimen123
\tabustrutrule=\dimen124
\tabu@thebody=\toks18
\tabu@footnotes=\toks19
\tabu@box=\box34
\tabu@arstrutbox=\box35
\tabu@hleads=\box36
\tabu@vleads=\box37
\tabu@cellskip=\skip49
) (./table_Sim1.aux)
\openout1 = `table_Sim1.aux'.

LaTeX Font Info:    Checking defaults for OML/cmm/m/it on input line 16.
LaTeX Font Info:    ... okay on input line 16.
LaTeX Font Info:    Checking defaults for T1/cmr/m/n on input line 16.
LaTeX Font Info:    ... okay on input line 16.
LaTeX Font Info:    Checking defaults for OT1/cmr/m/n on input line 16.
LaTeX Font Info:    ... okay on input line 16.
LaTeX Font Info:    Checking defaults for OMS/cmsy/m/n on input line 16.
LaTeX Font Info:    ... okay on input line 16.
LaTeX Font Info:    Checking defaults for OMX/cmex/m/n on input line 16.
LaTeX Font Info:    ... okay on input line 16.
LaTeX Font Info:    Checking defaults for U/cmr/m/n on input line 16.
LaTeX Font Info:    ... okay on input line 16.

*geometry* driver: auto-detecting
*geometry* detected driver: pdftex
*geometry* verbose mode - [ preamble ] result:
* driver: pdftex
* paper: a4paper
* layout: <same size as paper>
* layoutoffset:(h,v)=(0.0pt,0.0pt)
* modes: 
* h-part:(L,W,R)=(71.13188pt, 455.24411pt, 71.13188pt)
* v-part:(T,H,B)=(71.13188pt, 702.78308pt, 71.13188pt)
* \paperwidth=597.50787pt
* \paperheight=845.04684pt
* \textwidth=455.24411pt
* \textheight=702.78308pt
* \oddsidemargin=-1.1381pt
* \evensidemargin=-1.1381pt
* \topmargin=-38.1381pt
* \headheight=12.0pt
* \headsep=25.0pt
* \topskip=10.0pt
* \footskip=30.0pt
* \marginparwidth=65.0pt
* \marginparsep=11.0pt
* \columnsep=10.0pt
* \skip\footins=9.0pt plus 4.0pt minus 2.0pt
* \hoffset=0.0pt
* \voffset=0.0pt
* \mag=1000
* \@twocolumnfalse
* \@twosidefalse
* \@mparswitchfalse
* \@reversemarginfalse
* (1in=72.27pt=25.4mm, 1cm=28.453pt)

(/app/texmf-dist/tex/context/base/mkii/supp-pdf.mkii
[Loading MPS to PDF converter (version 2006.09.02).]
\scratchcounter=\count103
\scratchdimen=\dimen125
\scratchbox=\box38
\nofMPsegments=\count104
\nofMParguments=\count105
\everyMPshowfont=\toks20
\MPscratchCnt=\count106
\MPscratchDim=\dimen126
\MPnumerator=\count107
\makeMPintoPDFobject=\count108
\everyMPtoPDFconversion=\toks21
)
LaTeX Font Info:    External font `cmex10' loaded for size
(Font)              <12> on input line 18.
LaTeX Font Info:    External font `cmex10' loaded for size
(Font)              <8> on input line 18.
LaTeX Font Info:    External font `cmex10' loaded for size
(Font)              <6> on input line 18.
LaTeX Font Info:    Font shape `OT1/cmtt/bx/n' in size <12> not available
(Font)              Font shape `OT1/cmtt/m/n' tried instead on input line 22.

Overfull \hbox (3.33333pt too wide) in alignment at lines 91--91
 [] [] [] [] 
 []


Overfull \hbox (3.33333pt too wide) in alignment at lines 91--91
 [] [] [] [] 
 []


Overfull \hbox (3.33333pt too wide) in alignment at lines 91--91
 [] [] [] [] 
 []


Underfull \hbox (badness 10000) in paragraph at lines 91--91

 []


Overfull \hbox (3.33333pt too wide) in alignment at lines 91--91
 [] [] [] [] 
 []

[1

{/app/texmf-var/fonts/map/pdftex/updmap/pdftex.map}]
Overfull \hbox (3.33333pt too wide) in alignment at lines 148--148
 [] [] [] [] 
 []


Overfull \hbox (3.33333pt too wide) in alignment at lines 148--148
 [] [] [] [] 
 []


Overfull \hbox (3.33333pt too wide) in alignment at lines 148--148
 [] [] [] [] 
 []


Overfull \hbox (3.33333pt too wide) in alignment at lines 148--148
 [] [] [] [] 
 []


Overfull \hbox (3.33333pt too wide) in alignment at lines 203--203
 [] [] [] [] 
 []


Overfull \hbox (3.33333pt too wide) in alignment at lines 203--203
 [] [] [] [] 
 []


Overfull \hbox (3.33333pt too wide) in alignment at lines 203--203
 [] [] [] [] 
 []


Underfull \hbox (badness 10000) in paragraph at lines 203--203

 []


Underfull \hbox (badness 3815) in paragraph at lines 203--203
[]\OT1/cmr/m/n/10 Par^ametro as-so-ci-ado ao cresci-mento do in-ves-ti-mento
 []


Overfull \hbox (3.33333pt too wide) in alignment at lines 203--203
 [] [] [] [] 
 []

[2]
Overfull \hbox (3.33333pt too wide) in alignment at lines 238--238
 [] [] [] [] 
 []


Overfull \hbox (3.33333pt too wide) in alignment at lines 238--238
 [] [] [] [] 
 []


Overfull \hbox (3.33333pt too wide) in alignment at lines 238--238
 [] [] [] [] 
 []


Overfull \hbox (3.33333pt too wide) in alignment at lines 238--238
 [] [] [] [] 
 []


Overfull \hbox (3.33333pt too wide) in alignment at lines 291--291
 [] [] [] [] 
 []


Overfull \hbox (3.33333pt too wide) in alignment at lines 291--291
 [] [] [] [] 
 []


Overfull \hbox (3.33333pt too wide) in alignment at lines 291--291
 [] [] [] [] 
 []


Underfull \hbox (badness 10000) in paragraph at lines 291--291

 []


Underfull \hbox (badness 10000) in paragraph at lines 291--291

 []


Underfull \hbox (badness 10000) in paragraph at lines 291--291

 []


Overfull \hbox (3.33333pt too wide) in alignment at lines 291--291
 [] [] [] [] 
 []

[3]
Underfull \hbox (badness 10000) in paragraph at lines 438--438
[]\OT1/cmr/m/n/10 0.110213, 0.0837471, 0.138306, 0.102643,
 []


Underfull \hbox (badness 10000) in paragraph at lines 438--438
\OT1/cmr/m/n/10 0.177788, 0.0411241, 0.10741, 0.0855845,
 []


Underfull \hbox (badness 10000) in paragraph at lines 438--438
\OT1/cmr/m/n/10 0.0471434, 0.177595, 0.143023, 0.114721,
 []


Underfull \hbox (badness 10000) in paragraph at lines 438--438
\OT1/cmr/m/n/10 0.208009, 0.113841, 0.0605195, 0.0564179,
 []


Underfull \hbox (badness 10000) in paragraph at lines 438--438
\OT1/cmr/m/n/10 0.139049, 0.140412, 0.125707, 0.0853066,
 []


Underfull \hbox (badness 10000) in paragraph at lines 438--438
\OT1/cmr/m/n/10 0.106439, 0.0110429, 0.0353968, 0.064058,
 []


Underfull \hbox (badness 10000) in paragraph at lines 438--438
\OT1/cmr/m/n/10 0.160529, 0.0976425, 0.0773179, -0.018011,
 []


Underfull \hbox (badness 7486) in paragraph at lines 438--438
\OT1/cmr/m/n/10 0.0858333, 0.131678, 0.0319449, 0.0608118,
 []


Underfull \hbox (badness 10000) in paragraph at lines 438--438
\OT1/cmr/m/n/10 0.0460708, 0.120948, 0.0780019, 0.181671,
 []


Underfull \hbox (badness 10000) in paragraph at lines 438--438
\OT1/cmr/m/n/10 0.0872516, 0.0916892, -0.0637907, 0.22299,
 []


Underfull \hbox (badness 10000) in paragraph at lines 438--438
\OT1/cmr/m/n/10 0.0974787, 0.0680941, -0.0244235, 0.13811,
 []


Underfull \hbox (badness 10000) in paragraph at lines 438--438
\OT1/cmr/m/n/10 0.076452, 0.103614, 0.146275, 0.0526425,
 []


Underfull \hbox (badness 10000) in paragraph at lines 438--438
\OT1/cmr/m/n/10 0.112393, 0.125518, 0.0271584, 0.0394423,
 []


Underfull \hbox (badness 10000) in paragraph at lines 438--438
\OT1/cmr/m/n/10 0.191628, -0.0222509, 0.0536421, 0.11863,
 []


Underfull \hbox (badness 10000) in paragraph at lines 438--438
\OT1/cmr/m/n/10 0.19807, 0.0816782, 0.0600387, 0.109547,
 []


Underfull \hbox (badness 10000) in paragraph at lines 438--438
\OT1/cmr/m/n/10 0.158831, 0.113967, 0.045366, 0.144463,
 []


Underfull \hbox (badness 10000) in paragraph at lines 438--438
\OT1/cmr/m/n/10 0.0820111, 0.099564, 0.118346, 0.0855852,
 []


Underfull \hbox (badness 10000) in paragraph at lines 438--438
\OT1/cmr/m/n/10 0.157438, 0.129744, 0.0924271, 0.0699594,
 []


Underfull \hbox (badness 10000) in paragraph at lines 438--438
\OT1/cmr/m/n/10 0.122687, 0.116288, 0.0807504, 0.0566286,
 []


Underfull \hbox (badness 10000) in paragraph at lines 438--438
\OT1/cmr/m/n/10 0.128518, 0.106398, 0.11926, 0.0664706,
 []


Underfull \hbox (badness 7486) in paragraph at lines 438--438
\OT1/cmr/m/n/10 0.0755724, 0.0672045, 0.0568255, 0.195727,
 []

[4] [5] [6] [7] (./table_Sim1.aux) ) 
Here is how much of TeX's memory you used:
 2374 strings out of 492623
 30810 string characters out of 6130947
 188636 words of memory out of 5000000
 6309 multiletter control sequences out of 15000+600000
 8747 words of font info for 32 fonts, out of 8000000 for 9000
 1141 hyphenation exceptions out of 8191
 30i,10n,23p,1104b,391s stack positions out of 5000i,500n,10000p,200000b,80000s
</app/texmf-dist/fonts/type1/public/amsfont
s/cm/cmbx10.pfb></app/texmf-dist/fonts/type1/public/amsfonts/cm/cmbx12.pfb></ap
p/texmf-dist/fonts/type1/public/amsfonts/cm/cmr10.pfb></app/texmf-dist/fonts/ty
pe1/public/amsfonts/cm/cmr12.pfb></app/texmf-dist/fonts/type1/public/amsfonts/c
m/cmr17.pfb></app/texmf-dist/fonts/type1/public/amsfonts/cm/cmsy10.pfb></app/te
xmf-dist/fonts/type1/public/amsfonts/cm/cmti10.pfb></app/texmf-dist/fonts/type1
/public/amsfonts/cm/cmtt10.pfb></app/texmf-dist/fonts/type1/public/amsfonts/cm/
cmtt12.pfb>
Output written on table_Sim1.pdf (7 pages, 128295 bytes).
PDF statistics:
 64 PDF objects out of 1000 (max. 8388607)
 45 compressed objects within 1 object stream
 0 named destinations out of 1000 (max. 500000)
 1 words of extra memory for PDF output out of 10000 (max. 10000000)

